2017-05-05 11:33:28,374 [Worker-9] INFO  o.e.m.c.i.p.ProjectConfigurationManager - Collecting project info '/pom.xml' C:\Users\Stagiaire\Desktop\gitVince\gitvlgWebServiceREST\ClientJavaRESTMaven\pom.xml
2017-05-05 11:33:32,473 [Worker-9] INFO  o.e.m.c.i.l.LifecycleMappingFactory - Using org.eclipse.m2e.jdt.JarLifecycleMapping lifecycle mapping for MavenProject: com.legal:ClientJavaRESTMaven:0.0.1-SNAPSHOT @ C:\Users\Stagiaire\Desktop\gitVince\gitvlgWebServiceREST\ClientJavaRESTMaven\pom.xml.
2017-05-05 11:33:34,040 [Worker-9] INFO  o.e.m.j.i.AbstractJavaProjectConfigurator - Adding source folder /ClientJavaRESTMaven/src/main/java
2017-05-05 11:33:34,050 [Worker-9] INFO  o.e.m.j.i.AbstractJavaProjectConfigurator - Adding source folder /ClientJavaRESTMaven/src/test/java
2017-05-05 11:33:34,141 [Worker-9] INFO  o.e.m.c.i.p.ProjectConfigurationManager - Imported and configured 1 project(s) in 5 sec
2017-05-05 11:33:34,507 [Worker-9] INFO  o.e.m.c.i.embedder.EclipseLogger - Using 'UTF-8' encoding to copy filtered resources.
2017-05-05 11:33:34,507 [Worker-9] INFO  o.e.m.c.i.embedder.EclipseLogger - skip non existing resourceDirectory C:\Users\Stagiaire\Desktop\gitVince\gitvlgWebServiceREST\ClientJavaRESTMaven\src\main\resources
2017-05-05 11:33:34,509 [Worker-9] INFO  o.e.m.c.i.embedder.EclipseLogger - Using 'UTF-8' encoding to copy filtered resources.
2017-05-05 11:33:34,509 [Worker-9] INFO  o.e.m.c.i.embedder.EclipseLogger - skip non existing resourceDirectory C:\Users\Stagiaire\Desktop\gitVince\gitvlgWebServiceREST\ClientJavaRESTMaven\src\test\resources
2017-05-05 11:35:46,261 [Worker-28] INFO  o.e.m.c.i.l.LifecycleMappingFactory - Using org.eclipse.m2e.jdt.JarLifecycleMapping lifecycle mapping for MavenProject: com.legal:ClientJavaRESTMaven:0.0.1-SNAPSHOT @ C:\Users\Stagiaire\Desktop\gitVince\gitvlgWebServiceREST\ClientJavaRESTMaven\pom.xml.
2017-05-05 11:35:46,654 [Worker-28] INFO  o.e.m.c.i.e.AbstractTransferListenerAdapter - Downloading https://repo.maven.apache.org/maven2/org/glassfish/jersey/core/jersey-client/2.25.1/jersey-client-2.25.1.pom
2017-05-05 11:35:46,722 [Worker-28] INFO  o.e.m.c.i.e.AbstractTransferListenerAdapter - Downloaded https://repo.maven.apache.org/maven2/org/glassfish/jersey/core/jersey-client/2.25.1/jersey-client-2.25.1.pom
2017-05-05 11:35:46,772 [Worker-28] INFO  o.e.m.c.i.e.AbstractTransferListenerAdapter - Downloading https://repo.maven.apache.org/maven2/org/glassfish/jersey/project/2.25.1/project-2.25.1.pom
2017-05-05 11:35:46,883 [Worker-28] INFO  o.e.m.c.i.e.AbstractTransferListenerAdapter - Downloaded https://repo.maven.apache.org/maven2/org/glassfish/jersey/project/2.25.1/project-2.25.1.pom
2017-05-05 11:35:46,935 [Worker-28] INFO  o.e.m.c.i.e.AbstractTransferListenerAdapter - Downloading https://repo.maven.apache.org/maven2/net/java/jvnet-parent/4/jvnet-parent-4.pom
2017-05-05 11:35:46,977 [Worker-28] INFO  o.e.m.c.i.e.AbstractTransferListenerAdapter - Downloaded https://repo.maven.apache.org/maven2/net/java/jvnet-parent/4/jvnet-parent-4.pom
2017-05-05 11:35:47,029 [Worker-28] INFO  o.e.m.c.i.e.AbstractTransferListenerAdapter - Downloading https://repo.maven.apache.org/maven2/org/glassfish/hk2/hk2-bom/2.5.0-b32/hk2-bom-2.5.0-b32.pom
2017-05-05 11:35:47,074 [Worker-28] INFO  o.e.m.c.i.e.AbstractTransferListenerAdapter - Downloaded https://repo.maven.apache.org/maven2/org/glassfish/hk2/hk2-bom/2.5.0-b32/hk2-bom-2.5.0-b32.pom
2017-05-05 11:35:47,117 [Worker-28] INFO  o.e.m.c.i.e.AbstractTransferListenerAdapter - Downloading https://repo.maven.apache.org/maven2/net/java/jvnet-parent/5/jvnet-parent-5.pom
2017-05-05 11:35:47,166 [Worker-28] INFO  o.e.m.c.i.e.AbstractTransferListenerAdapter - Downloaded https://repo.maven.apache.org/maven2/net/java/jvnet-parent/5/jvnet-parent-5.pom
2017-05-05 11:35:47,225 [Worker-28] INFO  o.e.m.c.i.e.AbstractTransferListenerAdapter - Downloading https://repo.maven.apache.org/maven2/javax/ws/rs/javax.ws.rs-api/2.0.1/javax.ws.rs-api-2.0.1.pom
2017-05-05 11:35:47,268 [Worker-28] INFO  o.e.m.c.i.e.AbstractTransferListenerAdapter - Downloaded https://repo.maven.apache.org/maven2/javax/ws/rs/javax.ws.rs-api/2.0.1/javax.ws.rs-api-2.0.1.pom
2017-05-05 11:35:47,312 [Worker-28] INFO  o.e.m.c.i.e.AbstractTransferListenerAdapter - Downloading https://repo.maven.apache.org/maven2/org/glassfish/jersey/core/jersey-common/2.25.1/jersey-common-2.25.1.pom
2017-05-05 11:35:47,358 [Worker-28] INFO  o.e.m.c.i.e.AbstractTransferListenerAdapter - Downloaded https://repo.maven.apache.org/maven2/org/glassfish/jersey/core/jersey-common/2.25.1/jersey-common-2.25.1.pom
2017-05-05 11:35:47,409 [Worker-28] INFO  o.e.m.c.i.e.AbstractTransferListenerAdapter - Downloading https://repo.maven.apache.org/maven2/javax/annotation/javax.annotation-api/1.2/javax.annotation-api-1.2.pom
2017-05-05 11:35:47,453 [Worker-28] INFO  o.e.m.c.i.e.AbstractTransferListenerAdapter - Downloaded https://repo.maven.apache.org/maven2/javax/annotation/javax.annotation-api/1.2/javax.annotation-api-1.2.pom
2017-05-05 11:35:47,563 [Worker-28] INFO  o.e.m.c.i.e.AbstractTransferListenerAdapter - Downloading https://repo.maven.apache.org/maven2/org/glassfish/jersey/bundles/repackaged/jersey-guava/2.25.1/jersey-guava-2.25.1.pom
2017-05-05 11:35:47,610 [Worker-28] INFO  o.e.m.c.i.e.AbstractTransferListenerAdapter - Downloaded https://repo.maven.apache.org/maven2/org/glassfish/jersey/bundles/repackaged/jersey-guava/2.25.1/jersey-guava-2.25.1.pom
2017-05-05 11:35:47,657 [Worker-28] INFO  o.e.m.c.i.e.AbstractTransferListenerAdapter - Downloading https://repo.maven.apache.org/maven2/org/glassfish/jersey/bundles/repackaged/project/2.25.1/project-2.25.1.pom
2017-05-05 11:35:47,724 [Worker-28] INFO  o.e.m.c.i.e.AbstractTransferListenerAdapter - Downloaded https://repo.maven.apache.org/maven2/org/glassfish/jersey/bundles/repackaged/project/2.25.1/project-2.25.1.pom
2017-05-05 11:35:47,766 [Worker-28] INFO  o.e.m.c.i.e.AbstractTransferListenerAdapter - Downloading https://repo.maven.apache.org/maven2/org/glassfish/jersey/bundles/project/2.25.1/project-2.25.1.pom
2017-05-05 11:35:47,816 [Worker-28] INFO  o.e.m.c.i.e.AbstractTransferListenerAdapter - Downloaded https://repo.maven.apache.org/maven2/org/glassfish/jersey/bundles/project/2.25.1/project-2.25.1.pom
2017-05-05 11:35:47,869 [Worker-28] INFO  o.e.m.c.i.e.AbstractTransferListenerAdapter - Downloading https://repo.maven.apache.org/maven2/org/glassfish/hk2/hk2-api/2.5.0-b32/hk2-api-2.5.0-b32.pom
2017-05-05 11:35:47,915 [Worker-28] INFO  o.e.m.c.i.e.AbstractTransferListenerAdapter - Downloaded https://repo.maven.apache.org/maven2/org/glassfish/hk2/hk2-api/2.5.0-b32/hk2-api-2.5.0-b32.pom
2017-05-05 11:35:47,956 [Worker-28] INFO  o.e.m.c.i.e.AbstractTransferListenerAdapter - Downloading https://repo.maven.apache.org/maven2/org/glassfish/hk2/hk2-parent/2.5.0-b32/hk2-parent-2.5.0-b32.pom
2017-05-05 11:35:48,034 [Worker-28] INFO  o.e.m.c.i.e.AbstractTransferListenerAdapter - Downloaded https://repo.maven.apache.org/maven2/org/glassfish/hk2/hk2-parent/2.5.0-b32/hk2-parent-2.5.0-b32.pom
2017-05-05 11:35:48,085 [Worker-28] INFO  o.e.m.c.i.e.AbstractTransferListenerAdapter - Downloading https://repo.maven.apache.org/maven2/org/glassfish/hk2/hk2-utils/2.5.0-b32/hk2-utils-2.5.0-b32.pom
2017-05-05 11:35:48,128 [Worker-28] INFO  o.e.m.c.i.e.AbstractTransferListenerAdapter - Downloaded https://repo.maven.apache.org/maven2/org/glassfish/hk2/hk2-utils/2.5.0-b32/hk2-utils-2.5.0-b32.pom
2017-05-05 11:35:48,173 [Worker-28] INFO  o.e.m.c.i.e.AbstractTransferListenerAdapter - Downloading https://repo.maven.apache.org/maven2/org/glassfish/hk2/external/aopalliance-repackaged/2.5.0-b32/aopalliance-repackaged-2.5.0-b32.pom
2017-05-05 11:35:48,261 [Worker-28] INFO  o.e.m.c.i.e.AbstractTransferListenerAdapter - Downloaded https://repo.maven.apache.org/maven2/org/glassfish/hk2/external/aopalliance-repackaged/2.5.0-b32/aopalliance-repackaged-2.5.0-b32.pom
2017-05-05 11:35:48,322 [Worker-28] INFO  o.e.m.c.i.e.AbstractTransferListenerAdapter - Downloading https://repo.maven.apache.org/maven2/org/glassfish/hk2/external/2.5.0-b32/external-2.5.0-b32.pom
2017-05-05 11:35:48,371 [Worker-28] INFO  o.e.m.c.i.e.AbstractTransferListenerAdapter - Downloaded https://repo.maven.apache.org/maven2/org/glassfish/hk2/external/2.5.0-b32/external-2.5.0-b32.pom
2017-05-05 11:35:48,425 [Worker-28] INFO  o.e.m.c.i.e.AbstractTransferListenerAdapter - Downloading https://repo.maven.apache.org/maven2/org/glassfish/hk2/external/javax.inject/2.5.0-b32/javax.inject-2.5.0-b32.pom
2017-05-05 11:35:48,469 [Worker-28] INFO  o.e.m.c.i.e.AbstractTransferListenerAdapter - Downloaded https://repo.maven.apache.org/maven2/org/glassfish/hk2/external/javax.inject/2.5.0-b32/javax.inject-2.5.0-b32.pom
2017-05-05 11:35:48,519 [Worker-28] INFO  o.e.m.c.i.e.AbstractTransferListenerAdapter - Downloading https://repo.maven.apache.org/maven2/org/glassfish/hk2/hk2-locator/2.5.0-b32/hk2-locator-2.5.0-b32.pom
2017-05-05 11:35:48,562 [Worker-28] INFO  o.e.m.c.i.e.AbstractTransferListenerAdapter - Downloaded https://repo.maven.apache.org/maven2/org/glassfish/hk2/hk2-locator/2.5.0-b32/hk2-locator-2.5.0-b32.pom
2017-05-05 11:35:48,642 [Worker-28] INFO  o.e.m.c.i.e.AbstractTransferListenerAdapter - Downloading https://repo.maven.apache.org/maven2/org/javassist/javassist/3.20.0-GA/javassist-3.20.0-GA.pom
2017-05-05 11:35:48,706 [Worker-28] INFO  o.e.m.c.i.e.AbstractTransferListenerAdapter - Downloaded https://repo.maven.apache.org/maven2/org/javassist/javassist/3.20.0-GA/javassist-3.20.0-GA.pom
2017-05-05 11:35:48,763 [Worker-28] INFO  o.e.m.c.i.e.AbstractTransferListenerAdapter - Downloading https://repo.maven.apache.org/maven2/org/glassfish/hk2/osgi-resource-locator/1.0.1/osgi-resource-locator-1.0.1.pom
2017-05-05 11:35:48,809 [Worker-28] INFO  o.e.m.c.i.e.AbstractTransferListenerAdapter - Downloaded https://repo.maven.apache.org/maven2/org/glassfish/hk2/osgi-resource-locator/1.0.1/osgi-resource-locator-1.0.1.pom
2017-05-05 11:35:48,861 [Worker-28] INFO  o.e.m.c.i.e.AbstractTransferListenerAdapter - Downloading https://repo.maven.apache.org/maven2/org/glassfish/pom/8/pom-8.pom
2017-05-05 11:35:48,917 [Worker-28] INFO  o.e.m.c.i.e.AbstractTransferListenerAdapter - Downloaded https://repo.maven.apache.org/maven2/org/glassfish/pom/8/pom-8.pom
2017-05-05 11:35:48,984 [Worker-28] INFO  o.e.m.c.i.e.AbstractTransferListenerAdapter - Downloading https://repo.maven.apache.org/maven2/org/glassfish/jersey/core/jersey-client/2.25.1/jersey-client-2.25.1.jar
2017-05-05 11:35:49,078 [Worker-28] INFO  o.e.m.c.i.e.AbstractTransferListenerAdapter - Downloaded https://repo.maven.apache.org/maven2/org/glassfish/jersey/core/jersey-client/2.25.1/jersey-client-2.25.1.jar
2017-05-05 11:35:49,112 [Worker-28] INFO  o.e.m.c.i.e.AbstractTransferListenerAdapter - Downloading https://repo.maven.apache.org/maven2/javax/ws/rs/javax.ws.rs-api/2.0.1/javax.ws.rs-api-2.0.1.jar
2017-05-05 11:35:49,184 [Worker-28] INFO  o.e.m.c.i.e.AbstractTransferListenerAdapter - Downloaded https://repo.maven.apache.org/maven2/javax/ws/rs/javax.ws.rs-api/2.0.1/javax.ws.rs-api-2.0.1.jar
2017-05-05 11:35:49,224 [Worker-28] INFO  o.e.m.c.i.e.AbstractTransferListenerAdapter - Downloading https://repo.maven.apache.org/maven2/org/glassfish/jersey/core/jersey-common/2.25.1/jersey-common-2.25.1.jar
2017-05-05 11:35:49,469 [Worker-28] INFO  o.e.m.c.i.e.AbstractTransferListenerAdapter - Downloaded https://repo.maven.apache.org/maven2/org/glassfish/jersey/core/jersey-common/2.25.1/jersey-common-2.25.1.jar
2017-05-05 11:35:49,505 [Worker-28] INFO  o.e.m.c.i.e.AbstractTransferListenerAdapter - Downloading https://repo.maven.apache.org/maven2/javax/annotation/javax.annotation-api/1.2/javax.annotation-api-1.2.jar
2017-05-05 11:35:49,631 [Worker-28] INFO  o.e.m.c.i.e.AbstractTransferListenerAdapter - Downloaded https://repo.maven.apache.org/maven2/javax/annotation/javax.annotation-api/1.2/javax.annotation-api-1.2.jar
2017-05-05 11:35:49,676 [Worker-28] INFO  o.e.m.c.i.e.AbstractTransferListenerAdapter - Downloading https://repo.maven.apache.org/maven2/org/glassfish/jersey/bundles/repackaged/jersey-guava/2.25.1/jersey-guava-2.25.1.jar
2017-05-05 11:35:49,919 [Worker-28] INFO  o.e.m.c.i.e.AbstractTransferListenerAdapter - Downloaded https://repo.maven.apache.org/maven2/org/glassfish/jersey/bundles/repackaged/jersey-guava/2.25.1/jersey-guava-2.25.1.jar
2017-05-05 11:35:49,954 [Worker-28] INFO  o.e.m.c.i.e.AbstractTransferListenerAdapter - Downloading https://repo.maven.apache.org/maven2/org/glassfish/hk2/osgi-resource-locator/1.0.1/osgi-resource-locator-1.0.1.jar
2017-05-05 11:35:50,075 [Worker-28] INFO  o.e.m.c.i.e.AbstractTransferListenerAdapter - Downloaded https://repo.maven.apache.org/maven2/org/glassfish/hk2/osgi-resource-locator/1.0.1/osgi-resource-locator-1.0.1.jar
2017-05-05 11:35:50,108 [Worker-28] INFO  o.e.m.c.i.e.AbstractTransferListenerAdapter - Downloading https://repo.maven.apache.org/maven2/org/glassfish/hk2/hk2-api/2.5.0-b32/hk2-api-2.5.0-b32.jar
2017-05-05 11:35:50,196 [Worker-28] INFO  o.e.m.c.i.e.AbstractTransferListenerAdapter - Downloaded https://repo.maven.apache.org/maven2/org/glassfish/hk2/hk2-api/2.5.0-b32/hk2-api-2.5.0-b32.jar
2017-05-05 11:35:50,229 [Worker-28] INFO  o.e.m.c.i.e.AbstractTransferListenerAdapter - Downloading https://repo.maven.apache.org/maven2/org/glassfish/hk2/hk2-utils/2.5.0-b32/hk2-utils-2.5.0-b32.jar
2017-05-05 11:35:50,303 [Worker-28] INFO  o.e.m.c.i.e.AbstractTransferListenerAdapter - Downloaded https://repo.maven.apache.org/maven2/org/glassfish/hk2/hk2-utils/2.5.0-b32/hk2-utils-2.5.0-b32.jar
2017-05-05 11:35:50,345 [Worker-28] INFO  o.e.m.c.i.e.AbstractTransferListenerAdapter - Downloading https://repo.maven.apache.org/maven2/org/glassfish/hk2/external/aopalliance-repackaged/2.5.0-b32/aopalliance-repackaged-2.5.0-b32.jar
2017-05-05 11:35:50,488 [Worker-28] INFO  o.e.m.c.i.e.AbstractTransferListenerAdapter - Downloaded https://repo.maven.apache.org/maven2/org/glassfish/hk2/external/aopalliance-repackaged/2.5.0-b32/aopalliance-repackaged-2.5.0-b32.jar
2017-05-05 11:35:50,523 [Worker-28] INFO  o.e.m.c.i.e.AbstractTransferListenerAdapter - Downloading https://repo.maven.apache.org/maven2/org/glassfish/hk2/external/javax.inject/2.5.0-b32/javax.inject-2.5.0-b32.jar
2017-05-05 11:35:50,609 [Worker-28] INFO  o.e.m.c.i.e.AbstractTransferListenerAdapter - Downloaded https://repo.maven.apache.org/maven2/org/glassfish/hk2/external/javax.inject/2.5.0-b32/javax.inject-2.5.0-b32.jar
2017-05-05 11:35:50,645 [Worker-28] INFO  o.e.m.c.i.e.AbstractTransferListenerAdapter - Downloading https://repo.maven.apache.org/maven2/org/glassfish/hk2/hk2-locator/2.5.0-b32/hk2-locator-2.5.0-b32.jar
2017-05-05 11:35:50,741 [Worker-28] INFO  o.e.m.c.i.e.AbstractTransferListenerAdapter - Downloaded https://repo.maven.apache.org/maven2/org/glassfish/hk2/hk2-locator/2.5.0-b32/hk2-locator-2.5.0-b32.jar
2017-05-05 11:35:50,775 [Worker-28] INFO  o.e.m.c.i.e.AbstractTransferListenerAdapter - Downloading https://repo.maven.apache.org/maven2/org/javassist/javassist/3.20.0-GA/javassist-3.20.0-GA.jar
2017-05-05 11:35:50,975 [Worker-28] INFO  o.e.m.c.i.e.AbstractTransferListenerAdapter - Downloaded https://repo.maven.apache.org/maven2/org/javassist/javassist/3.20.0-GA/javassist-3.20.0-GA.jar
2017-05-05 11:35:52,316 [Worker-28] INFO  o.e.m.c.i.embedder.EclipseLogger - Using 'UTF-8' encoding to copy filtered resources.
2017-05-05 11:35:52,316 [Worker-28] INFO  o.e.m.c.i.embedder.EclipseLogger - skip non existing resourceDirectory C:\Users\Stagiaire\Desktop\gitVince\gitvlgWebServiceREST\ClientJavaRESTMaven\src\main\resources
2017-05-05 11:35:52,318 [Worker-28] INFO  o.e.m.c.i.embedder.EclipseLogger - Using 'UTF-8' encoding to copy filtered resources.
2017-05-05 11:35:52,318 [Worker-28] INFO  o.e.m.c.i.embedder.EclipseLogger - skip non existing resourceDirectory C:\Users\Stagiaire\Desktop\gitVince\gitvlgWebServiceREST\ClientJavaRESTMaven\src\test\resources
2017-05-05 11:35:53,874 [Worker-27] INFO  o.e.m.c.i.embedder.EclipseLogger - Using 'UTF-8' encoding to copy filtered resources.
2017-05-05 11:35:53,878 [Worker-27] INFO  o.e.m.c.i.embedder.EclipseLogger - skip non existing resourceDirectory C:\Users\Stagiaire\Desktop\gitVince\gitvlgWebServiceREST\ClientJavaRESTMaven\src\main\resources
2017-05-05 11:35:53,884 [Worker-27] INFO  o.e.m.c.i.embedder.EclipseLogger - Using 'UTF-8' encoding to copy filtered resources.
2017-05-05 11:35:53,885 [Worker-27] INFO  o.e.m.c.i.embedder.EclipseLogger - skip non existing resourceDirectory C:\Users\Stagiaire\Desktop\gitVince\gitvlgWebServiceREST\ClientJavaRESTMaven\src\test\resources
2017-05-05 11:36:04,448 [Worker-9] INFO  o.e.m.c.i.p.ProjectConfigurationManager - Update started
2017-05-05 11:36:04,812 [Worker-9] INFO  o.e.m.c.i.l.LifecycleMappingFactory - Using org.eclipse.m2e.jdt.JarLifecycleMapping lifecycle mapping for MavenProject: com.legal:ClientJavaRESTMaven:0.0.1-SNAPSHOT @ C:\Users\Stagiaire\Desktop\gitVince\gitvlgWebServiceREST\ClientJavaRESTMaven\pom.xml.
2017-05-05 11:36:05,007 [Worker-9] INFO  o.e.m.j.i.AbstractJavaProjectConfigurator - Adding source folder /ClientJavaRESTMaven/src/main/java
2017-05-05 11:36:05,008 [Worker-9] INFO  o.e.m.j.i.AbstractJavaProjectConfigurator - Adding source folder /ClientJavaRESTMaven/src/test/java
2017-05-05 11:36:05,100 [Worker-9] INFO  o.e.m.c.i.p.ProjectConfigurationManager - Update completed: 0 sec
2017-05-05 11:36:05,359 [Worker-6] INFO  o.e.m.c.i.embedder.EclipseLogger - Using 'UTF-8' encoding to copy filtered resources.
2017-05-05 11:36:05,364 [Worker-6] INFO  o.e.m.c.i.embedder.EclipseLogger - skip non existing resourceDirectory C:\Users\Stagiaire\Desktop\gitVince\gitvlgWebServiceREST\ClientJavaRESTMaven\src\main\resources
2017-05-05 11:36:05,366 [Worker-6] INFO  o.e.m.c.i.embedder.EclipseLogger - Using 'UTF-8' encoding to copy filtered resources.
2017-05-05 11:36:05,371 [Worker-6] INFO  o.e.m.c.i.embedder.EclipseLogger - skip non existing resourceDirectory C:\Users\Stagiaire\Desktop\gitVince\gitvlgWebServiceREST\ClientJavaRESTMaven\src\test\resources
2017-05-05 11:38:15,779 [Worker-33] INFO  o.e.m.c.i.l.LifecycleMappingFactory - Using org.eclipse.m2e.jdt.JarLifecycleMapping lifecycle mapping for MavenProject: com.legal:ClientJavaRESTMaven:0.0.1-SNAPSHOT @ C:\Users\Stagiaire\Desktop\gitVince\gitvlgWebServiceREST\ClientJavaRESTMaven\pom.xml.
2017-05-05 11:38:16,072 [Worker-33] INFO  o.e.m.c.i.e.AbstractTransferListenerAdapter - Downloading https://repo.maven.apache.org/maven2/com/google/code/gson/gson/2.8.0/gson-2.8.0.pom
2017-05-05 11:38:16,134 [Worker-33] INFO  o.e.m.c.i.e.AbstractTransferListenerAdapter - Downloaded https://repo.maven.apache.org/maven2/com/google/code/gson/gson/2.8.0/gson-2.8.0.pom
2017-05-05 11:38:16,192 [Worker-33] INFO  o.e.m.c.i.e.AbstractTransferListenerAdapter - Downloading https://repo.maven.apache.org/maven2/com/google/code/gson/gson-parent/2.8.0/gson-parent-2.8.0.pom
2017-05-05 11:38:16,238 [Worker-33] INFO  o.e.m.c.i.e.AbstractTransferListenerAdapter - Downloaded https://repo.maven.apache.org/maven2/com/google/code/gson/gson-parent/2.8.0/gson-parent-2.8.0.pom
2017-05-05 11:38:16,326 [Worker-33] INFO  o.e.m.c.i.e.AbstractTransferListenerAdapter - Downloading https://repo.maven.apache.org/maven2/com/google/code/gson/gson/2.8.0/gson-2.8.0.jar
2017-05-05 11:38:16,540 [Worker-33] INFO  o.e.m.c.i.e.AbstractTransferListenerAdapter - Downloaded https://repo.maven.apache.org/maven2/com/google/code/gson/gson/2.8.0/gson-2.8.0.jar
2017-05-05 11:38:16,865 [Worker-33] INFO  o.e.m.c.i.embedder.EclipseLogger - Using 'UTF-8' encoding to copy filtered resources.
2017-05-05 11:38:16,865 [Worker-33] INFO  o.e.m.c.i.embedder.EclipseLogger - skip non existing resourceDirectory C:\Users\Stagiaire\Desktop\gitVince\gitvlgWebServiceREST\ClientJavaRESTMaven\src\main\resources
2017-05-05 11:38:16,867 [Worker-33] INFO  o.e.m.c.i.embedder.EclipseLogger - Using 'UTF-8' encoding to copy filtered resources.
2017-05-05 11:38:16,867 [Worker-33] INFO  o.e.m.c.i.embedder.EclipseLogger - skip non existing resourceDirectory C:\Users\Stagiaire\Desktop\gitVince\gitvlgWebServiceREST\ClientJavaRESTMaven\src\test\resources
2017-05-05 11:38:17,363 [Worker-32] INFO  o.e.m.c.i.embedder.EclipseLogger - Using 'UTF-8' encoding to copy filtered resources.
2017-05-05 11:38:17,364 [Worker-32] INFO  o.e.m.c.i.embedder.EclipseLogger - skip non existing resourceDirectory C:\Users\Stagiaire\Desktop\gitVince\gitvlgWebServiceREST\ClientJavaRESTMaven\src\main\resources
2017-05-05 11:38:17,365 [Worker-32] INFO  o.e.m.c.i.embedder.EclipseLogger - Using 'UTF-8' encoding to copy filtered resources.
2017-05-05 11:38:17,365 [Worker-32] INFO  o.e.m.c.i.embedder.EclipseLogger - skip non existing resourceDirectory C:\Users\Stagiaire\Desktop\gitVince\gitvlgWebServiceREST\ClientJavaRESTMaven\src\test\resources
2017-05-05 11:39:22,161 [Worker-34] INFO  o.e.m.c.i.l.LifecycleMappingFactory - Using org.eclipse.m2e.jdt.JarLifecycleMapping lifecycle mapping for MavenProject: com.legal:ClientJavaRESTMaven:0.0.1-SNAPSHOT @ C:\Users\Stagiaire\Desktop\gitVince\gitvlgWebServiceREST\ClientJavaRESTMaven\pom.xml.
2017-05-05 11:39:22,356 [Worker-34] INFO  o.e.m.c.i.embedder.EclipseLogger - Using 'UTF-8' encoding to copy filtered resources.
2017-05-05 11:39:22,357 [Worker-34] INFO  o.e.m.c.i.embedder.EclipseLogger - skip non existing resourceDirectory C:\Users\Stagiaire\Desktop\gitVince\gitvlgWebServiceREST\ClientJavaRESTMaven\src\main\resources
2017-05-05 11:39:22,359 [Worker-34] INFO  o.e.m.c.i.embedder.EclipseLogger - Using 'UTF-8' encoding to copy filtered resources.
2017-05-05 11:39:22,363 [Worker-34] INFO  o.e.m.c.i.embedder.EclipseLogger - skip non existing resourceDirectory C:\Users\Stagiaire\Desktop\gitVince\gitvlgWebServiceREST\ClientJavaRESTMaven\src\test\resources
2017-05-05 11:39:27,099 [Worker-36] INFO  o.e.m.c.i.l.LifecycleMappingFactory - Using org.eclipse.m2e.jdt.JarLifecycleMapping lifecycle mapping for MavenProject: com.legal:ClientJavaRESTMaven:0.0.1-SNAPSHOT @ C:\Users\Stagiaire\Desktop\gitVince\gitvlgWebServiceREST\ClientJavaRESTMaven\pom.xml.
2017-05-05 11:39:27,290 [Worker-36] INFO  o.e.m.c.i.embedder.EclipseLogger - Using 'UTF-8' encoding to copy filtered resources.
2017-05-05 11:39:27,295 [Worker-36] INFO  o.e.m.c.i.embedder.EclipseLogger - skip non existing resourceDirectory C:\Users\Stagiaire\Desktop\gitVince\gitvlgWebServiceREST\ClientJavaRESTMaven\src\main\resources
2017-05-05 11:39:27,301 [Worker-36] INFO  o.e.m.c.i.embedder.EclipseLogger - Using 'UTF-8' encoding to copy filtered resources.
2017-05-05 11:39:27,301 [Worker-36] INFO  o.e.m.c.i.embedder.EclipseLogger - skip non existing resourceDirectory C:\Users\Stagiaire\Desktop\gitVince\gitvlgWebServiceREST\ClientJavaRESTMaven\src\test\resources
2017-05-05 11:39:54,411 [Worker-34] INFO  o.e.m.c.i.embedder.EclipseLogger - Using 'UTF-8' encoding to copy filtered resources.
2017-05-05 11:39:54,412 [Worker-34] INFO  o.e.m.c.i.embedder.EclipseLogger - skip non existing resourceDirectory C:\Users\Stagiaire\Desktop\gitVince\gitvlgWebServiceREST\ClientJavaRESTMaven\src\main\resources
2017-05-05 11:39:54,418 [Worker-34] INFO  o.e.m.c.i.embedder.EclipseLogger - Using 'UTF-8' encoding to copy filtered resources.
2017-05-05 11:39:54,428 [Worker-34] INFO  o.e.m.c.i.embedder.EclipseLogger - skip non existing resourceDirectory C:\Users\Stagiaire\Desktop\gitVince\gitvlgWebServiceREST\ClientJavaRESTMaven\src\test\resources
2017-05-05 11:42:00,372 [Worker-37] INFO  o.e.m.c.i.l.LifecycleMappingFactory - Using org.eclipse.m2e.jdt.JarLifecycleMapping lifecycle mapping for MavenProject: com.legal:ClientJavaRESTMaven:0.0.1-SNAPSHOT @ C:\Users\Stagiaire\Desktop\gitVince\gitvlgWebServiceREST\ClientJavaRESTMaven\pom.xml.
2017-05-05 11:42:00,573 [Worker-37] INFO  o.e.m.c.i.e.AbstractTransferListenerAdapter - Downloading https://repo.maven.apache.org/maven2/com/sun/jersey/jersey-client/1.18/jersey-client-1.18.pom
2017-05-05 11:42:00,629 [Worker-37] INFO  o.e.m.c.i.e.AbstractTransferListenerAdapter - Downloaded https://repo.maven.apache.org/maven2/com/sun/jersey/jersey-client/1.18/jersey-client-1.18.pom
2017-05-05 11:42:00,683 [Worker-37] INFO  o.e.m.c.i.e.AbstractTransferListenerAdapter - Downloading https://repo.maven.apache.org/maven2/com/sun/jersey/jersey-project/1.18/jersey-project-1.18.pom
2017-05-05 11:42:00,768 [Worker-37] INFO  o.e.m.c.i.e.AbstractTransferListenerAdapter - Downloaded https://repo.maven.apache.org/maven2/com/sun/jersey/jersey-project/1.18/jersey-project-1.18.pom
2017-05-05 11:42:00,813 [Worker-37] INFO  o.e.m.c.i.e.AbstractTransferListenerAdapter - Downloading https://repo.maven.apache.org/maven2/com/sun/jersey/jersey-core/1.18/jersey-core-1.18.pom
2017-05-05 11:42:00,866 [Worker-37] INFO  o.e.m.c.i.e.AbstractTransferListenerAdapter - Downloaded https://repo.maven.apache.org/maven2/com/sun/jersey/jersey-core/1.18/jersey-core-1.18.pom
2017-05-05 11:42:00,979 [Worker-37] INFO  o.e.m.c.i.e.AbstractTransferListenerAdapter - Downloading https://repo.maven.apache.org/maven2/com/sun/jersey/jersey-client/1.18/jersey-client-1.18.jar
2017-05-05 11:42:01,080 [Worker-37] INFO  o.e.m.c.i.e.AbstractTransferListenerAdapter - Downloaded https://repo.maven.apache.org/maven2/com/sun/jersey/jersey-client/1.18/jersey-client-1.18.jar
2017-05-05 11:42:01,116 [Worker-37] INFO  o.e.m.c.i.e.AbstractTransferListenerAdapter - Downloading https://repo.maven.apache.org/maven2/com/sun/jersey/jersey-core/1.18/jersey-core-1.18.jar
2017-05-05 11:42:01,305 [Worker-37] INFO  o.e.m.c.i.e.AbstractTransferListenerAdapter - Downloaded https://repo.maven.apache.org/maven2/com/sun/jersey/jersey-core/1.18/jersey-core-1.18.jar
2017-05-05 11:42:01,762 [Worker-37] INFO  o.e.m.c.i.embedder.EclipseLogger - Using 'UTF-8' encoding to copy filtered resources.
2017-05-05 11:42:01,763 [Worker-37] INFO  o.e.m.c.i.embedder.EclipseLogger - skip non existing resourceDirectory C:\Users\Stagiaire\Desktop\gitVince\gitvlgWebServiceREST\ClientJavaRESTMaven\src\main\resources
2017-05-05 11:42:01,764 [Worker-37] INFO  o.e.m.c.i.embedder.EclipseLogger - Using 'UTF-8' encoding to copy filtered resources.
2017-05-05 11:42:01,769 [Worker-37] INFO  o.e.m.c.i.embedder.EclipseLogger - skip non existing resourceDirectory C:\Users\Stagiaire\Desktop\gitVince\gitvlgWebServiceREST\ClientJavaRESTMaven\src\test\resources
2017-05-05 11:42:03,171 [Worker-33] INFO  o.e.m.c.i.embedder.EclipseLogger - Using 'UTF-8' encoding to copy filtered resources.
2017-05-05 11:42:03,171 [Worker-33] INFO  o.e.m.c.i.embedder.EclipseLogger - skip non existing resourceDirectory C:\Users\Stagiaire\Desktop\gitVince\gitvlgWebServiceREST\ClientJavaRESTMaven\src\main\resources
2017-05-05 11:42:03,172 [Worker-33] INFO  o.e.m.c.i.embedder.EclipseLogger - Using 'UTF-8' encoding to copy filtered resources.
2017-05-05 11:42:03,176 [Worker-33] INFO  o.e.m.c.i.embedder.EclipseLogger - skip non existing resourceDirectory C:\Users\Stagiaire\Desktop\gitVince\gitvlgWebServiceREST\ClientJavaRESTMaven\src\test\resources
2017-05-05 11:42:09,003 [Worker-32] INFO  o.e.m.c.i.p.ProjectConfigurationManager - Update started
2017-05-05 11:42:09,326 [Worker-32] INFO  o.e.m.c.i.l.LifecycleMappingFactory - Using org.eclipse.m2e.jdt.JarLifecycleMapping lifecycle mapping for MavenProject: com.legal:ClientJavaRESTMaven:0.0.1-SNAPSHOT @ C:\Users\Stagiaire\Desktop\gitVince\gitvlgWebServiceREST\ClientJavaRESTMaven\pom.xml.
2017-05-05 11:42:09,446 [Worker-32] INFO  o.e.m.j.i.AbstractJavaProjectConfigurator - Adding source folder /ClientJavaRESTMaven/src/main/java
2017-05-05 11:42:09,451 [Worker-32] INFO  o.e.m.j.i.AbstractJavaProjectConfigurator - Adding source folder /ClientJavaRESTMaven/src/test/java
2017-05-05 11:42:09,548 [Worker-32] INFO  o.e.m.c.i.p.ProjectConfigurationManager - Update completed: 0 sec
2017-05-05 11:42:09,753 [Worker-37] INFO  o.e.m.c.i.embedder.EclipseLogger - Using 'UTF-8' encoding to copy filtered resources.
2017-05-05 11:42:09,753 [Worker-37] INFO  o.e.m.c.i.embedder.EclipseLogger - skip non existing resourceDirectory C:\Users\Stagiaire\Desktop\gitVince\gitvlgWebServiceREST\ClientJavaRESTMaven\src\main\resources
2017-05-05 11:42:09,759 [Worker-37] INFO  o.e.m.c.i.embedder.EclipseLogger - Using 'UTF-8' encoding to copy filtered resources.
2017-05-05 11:42:09,760 [Worker-37] INFO  o.e.m.c.i.embedder.EclipseLogger - skip non existing resourceDirectory C:\Users\Stagiaire\Desktop\gitVince\gitvlgWebServiceREST\ClientJavaRESTMaven\src\test\resources
2017-05-05 11:42:43,416 [Worker-30] INFO  o.e.m.c.i.l.LifecycleMappingFactory - Using org.eclipse.m2e.jdt.JarLifecycleMapping lifecycle mapping for MavenProject: com.legal:ClientJavaRESTMaven:0.0.1-SNAPSHOT @ C:\Users\Stagiaire\Desktop\gitVince\gitvlgWebServiceREST\ClientJavaRESTMaven\pom.xml.
2017-05-05 11:42:43,594 [Worker-30] INFO  o.e.m.c.i.e.AbstractTransferListenerAdapter - Downloading https://repo.maven.apache.org/maven2/com/google/code/gson/gson/2.2.4/gson-2.2.4.pom
2017-05-05 11:42:43,654 [Worker-30] INFO  o.e.m.c.i.e.AbstractTransferListenerAdapter - Downloaded https://repo.maven.apache.org/maven2/com/google/code/gson/gson/2.2.4/gson-2.2.4.pom
2017-05-05 11:42:43,705 [Worker-30] INFO  o.e.m.c.i.e.AbstractTransferListenerAdapter - Downloading https://repo.maven.apache.org/maven2/com/google/code/gson/gson/2.2.4/gson-2.2.4.jar
2017-05-05 11:42:43,858 [Worker-30] INFO  o.e.m.c.i.e.AbstractTransferListenerAdapter - Downloaded https://repo.maven.apache.org/maven2/com/google/code/gson/gson/2.2.4/gson-2.2.4.jar
2017-05-05 11:42:44,107 [Worker-30] INFO  o.e.m.c.i.embedder.EclipseLogger - Using 'UTF-8' encoding to copy filtered resources.
2017-05-05 11:42:44,111 [Worker-30] INFO  o.e.m.c.i.embedder.EclipseLogger - skip non existing resourceDirectory C:\Users\Stagiaire\Desktop\gitVince\gitvlgWebServiceREST\ClientJavaRESTMaven\src\main\resources
2017-05-05 11:42:44,113 [Worker-30] INFO  o.e.m.c.i.embedder.EclipseLogger - Using 'UTF-8' encoding to copy filtered resources.
2017-05-05 11:42:44,113 [Worker-30] INFO  o.e.m.c.i.embedder.EclipseLogger - skip non existing resourceDirectory C:\Users\Stagiaire\Desktop\gitVince\gitvlgWebServiceREST\ClientJavaRESTMaven\src\test\resources
2017-05-05 11:42:45,434 [Worker-33] INFO  o.e.m.c.i.embedder.EclipseLogger - Using 'UTF-8' encoding to copy filtered resources.
2017-05-05 11:42:45,439 [Worker-33] INFO  o.e.m.c.i.embedder.EclipseLogger - skip non existing resourceDirectory C:\Users\Stagiaire\Desktop\gitVince\gitvlgWebServiceREST\ClientJavaRESTMaven\src\main\resources
2017-05-05 11:42:45,444 [Worker-33] INFO  o.e.m.c.i.embedder.EclipseLogger - Using 'UTF-8' encoding to copy filtered resources.
2017-05-05 11:42:45,450 [Worker-33] INFO  o.e.m.c.i.embedder.EclipseLogger - skip non existing resourceDirectory C:\Users\Stagiaire\Desktop\gitVince\gitvlgWebServiceREST\ClientJavaRESTMaven\src\test\resources
2017-05-05 11:42:48,598 [Worker-36] INFO  o.e.m.c.i.p.ProjectConfigurationManager - Update started
2017-05-05 11:42:48,940 [Worker-36] INFO  o.e.m.c.i.l.LifecycleMappingFactory - Using org.eclipse.m2e.jdt.JarLifecycleMapping lifecycle mapping for MavenProject: com.legal:ClientJavaRESTMaven:0.0.1-SNAPSHOT @ C:\Users\Stagiaire\Desktop\gitVince\gitvlgWebServiceREST\ClientJavaRESTMaven\pom.xml.
2017-05-05 11:42:49,058 [Worker-36] INFO  o.e.m.j.i.AbstractJavaProjectConfigurator - Adding source folder /ClientJavaRESTMaven/src/main/java
2017-05-05 11:42:49,063 [Worker-36] INFO  o.e.m.j.i.AbstractJavaProjectConfigurator - Adding source folder /ClientJavaRESTMaven/src/test/java
2017-05-05 11:42:49,141 [Worker-36] INFO  o.e.m.c.i.p.ProjectConfigurationManager - Update completed: 0 sec
2017-05-05 11:42:49,361 [Worker-33] INFO  o.e.m.c.i.embedder.EclipseLogger - Using 'UTF-8' encoding to copy filtered resources.
2017-05-05 11:42:49,362 [Worker-33] INFO  o.e.m.c.i.embedder.EclipseLogger - skip non existing resourceDirectory C:\Users\Stagiaire\Desktop\gitVince\gitvlgWebServiceREST\ClientJavaRESTMaven\src\main\resources
2017-05-05 11:42:49,363 [Worker-33] INFO  o.e.m.c.i.embedder.EclipseLogger - Using 'UTF-8' encoding to copy filtered resources.
2017-05-05 11:42:49,364 [Worker-33] INFO  o.e.m.c.i.embedder.EclipseLogger - skip non existing resourceDirectory C:\Users\Stagiaire\Desktop\gitVince\gitvlgWebServiceREST\ClientJavaRESTMaven\src\test\resources
2017-05-05 11:43:47,476 [Worker-36] INFO  o.e.m.c.i.embedder.EclipseLogger - Using 'UTF-8' encoding to copy filtered resources.
2017-05-05 11:43:47,477 [Worker-36] INFO  o.e.m.c.i.embedder.EclipseLogger - skip non existing resourceDirectory C:\Users\Stagiaire\Desktop\gitVince\gitvlgWebServiceREST\ClientJavaRESTMaven\src\main\resources
2017-05-05 11:43:47,479 [Worker-36] INFO  o.e.m.c.i.embedder.EclipseLogger - Using 'UTF-8' encoding to copy filtered resources.
2017-05-05 11:43:47,479 [Worker-36] INFO  o.e.m.c.i.embedder.EclipseLogger - skip non existing resourceDirectory C:\Users\Stagiaire\Desktop\gitVince\gitvlgWebServiceREST\ClientJavaRESTMaven\src\test\resources
2017-05-05 11:50:59,615 [Worker-35] INFO  o.e.m.c.i.embedder.EclipseLogger - Using 'UTF-8' encoding to copy filtered resources.
2017-05-05 11:50:59,620 [Worker-35] INFO  o.e.m.c.i.embedder.EclipseLogger - skip non existing resourceDirectory C:\Users\Stagiaire\Desktop\gitVince\gitvlgWebServiceREST\ClientJavaRESTMaven\src\main\resources
2017-05-05 11:50:59,625 [Worker-35] INFO  o.e.m.c.i.embedder.EclipseLogger - Using 'UTF-8' encoding to copy filtered resources.
2017-05-05 11:50:59,626 [Worker-35] INFO  o.e.m.c.i.embedder.EclipseLogger - skip non existing resourceDirectory C:\Users\Stagiaire\Desktop\gitVince\gitvlgWebServiceREST\ClientJavaRESTMaven\src\test\resources
2017-05-05 11:53:05,646 [Worker-32] INFO  o.e.m.c.i.embedder.EclipseLogger - Using 'UTF-8' encoding to copy filtered resources.
2017-05-05 11:53:05,647 [Worker-32] INFO  o.e.m.c.i.embedder.EclipseLogger - skip non existing resourceDirectory C:\Users\Stagiaire\Desktop\gitVince\gitvlgWebServiceREST\ClientJavaRESTMaven\src\main\resources
2017-05-05 11:53:05,647 [Worker-32] INFO  o.e.m.c.i.embedder.EclipseLogger - Using 'UTF-8' encoding to copy filtered resources.
2017-05-05 11:53:05,647 [Worker-32] INFO  o.e.m.c.i.embedder.EclipseLogger - skip non existing resourceDirectory C:\Users\Stagiaire\Desktop\gitVince\gitvlgWebServiceREST\ClientJavaRESTMaven\src\test\resources
2017-05-05 11:53:49,067 [Worker-38] INFO  o.e.m.c.i.embedder.EclipseLogger - Using 'UTF-8' encoding to copy filtered resources.
2017-05-05 11:53:49,072 [Worker-38] INFO  o.e.m.c.i.embedder.EclipseLogger - skip non existing resourceDirectory C:\Users\Stagiaire\Desktop\gitVince\gitvlgWebServiceREST\ClientJavaRESTMaven\src\main\resources
2017-05-05 11:53:49,077 [Worker-38] INFO  o.e.m.c.i.embedder.EclipseLogger - Using 'UTF-8' encoding to copy filtered resources.
2017-05-05 11:53:49,077 [Worker-38] INFO  o.e.m.c.i.embedder.EclipseLogger - skip non existing resourceDirectory C:\Users\Stagiaire\Desktop\gitVince\gitvlgWebServiceREST\ClientJavaRESTMaven\src\test\resources
